Sat Oct 10 17:10:40 UTC 2015: failure injector: disk-unavailable.sh recover
Sat Oct 10 17:13:40 UTC 2015: failure injector: disk-use-up.sh recover
Sat Oct 10 17:35:40 UTC 2015: failure injector: disk-unavailable.sh inject
Sat Oct 10 17:40:40 UTC 2015: failure injector: disk-unavailable.sh recover
fallocate: /mnt/mysql/large-file.img: fallocate failed: No space left on device
Sat Oct 10 17:45:40 UTC 2015: failure injector: disk-use-up.sh inject
Sat Oct 10 17:50:40 UTC 2015: failure injector: disk-use-up.sh recover
Sat Oct 10 19:10:41 UTC 2015: failure injector: disk-unavailable.sh recover
Sat Oct 10 19:13:41 UTC 2015: failure injector: disk-use-up.sh recover
Sat Oct 10 19:35:41 UTC 2015: failure injector: disk-unavailable.sh inject
Sat Oct 10 19:40:41 UTC 2015: failure injector: disk-unavailable.sh recover
fallocate: /mnt/mysql/large-file.img: fallocate failed: No space left on device
Sat Oct 10 19:45:41 UTC 2015: failure injector: disk-use-up.sh inject
Sat Oct 10 19:50:41 UTC 2015: failure injector: disk-use-up.sh recover
Sat Oct 10 21:10:42 UTC 2015: failure injector: disk-unavailable.sh recover
Sat Oct 10 21:13:42 UTC 2015: failure injector: disk-use-up.sh recover
Sat Oct 10 21:35:42 UTC 2015: failure injector: disk-unavailable.sh inject
Sat Oct 10 21:40:42 UTC 2015: failure injector: disk-unavailable.sh recover
fallocate: /mnt/mysql/large-file.img: fallocate failed: No space left on device
Sat Oct 10 21:45:42 UTC 2015: failure injector: disk-use-up.sh inject
Sat Oct 10 21:50:42 UTC 2015: failure injector: disk-use-up.sh recover
