1:C 10 Oct 14:33:59.195 # Warning: no config file specified, using the default config. In order to specify a config file use redis-server /path/to/redis.conf
                _._                                                  
           _.-``__ ''-._                                             
      _.-``    `.  `_.  ''-._           Redis 3.0.4 (00000000/0) 64 bit
  .-`` .-```.  ```\/    _.,_ ''-._                                   
 (    '      ,       .-`  | `,    )     Running in standalone mode
 |`-._`-...-` __...-.``-._|'` _.-'|     Port: 6379
 |    `-._   `._    /     _.-'    |     PID: 1
  `-._    `-._  `-./  _.-'    _.-'                                   
 |`-._`-._    `-.__.-'    _.-'_.-'|                                  
 |    `-._`-._        _.-'_.-'    |           http://redis.io        
  `-._    `-._`-.__.-'_.-'    _.-'                                   
 |`-._`-._    `-.__.-'    _.-'_.-'|                                  
 |    `-._`-._        _.-'_.-'    |                                  
  `-._    `-._`-.__.-'_.-'    _.-'                                   
      `-._    `-.__.-'    _.-'                                       
          `-._        _.-'                                           
              `-.__.-'                                               

1:M 10 Oct 14:33:59.197 # WARNING: The TCP backlog setting of 511 cannot be enforced because /proc/sys/net/core/somaxconn is set to the lower value of 128.
1:M 10 Oct 14:33:59.197 # Server started, Redis version 3.0.4
1:M 10 Oct 14:33:59.197 # WARNING overcommit_memory is set to 0! Background save may fail under low memory condition. To fix this issue add 'vm.overcommit_memory = 1' to /etc/sysctl.conf and then reboot or run the command 'sysctl vm.overcommit_memory=1' for this to take effect.
1:M 10 Oct 14:33:59.197 # WARNING you have Transparent Huge Pages (THP) support enabled in your kernel. This will create latency and memory usage issues with Redis. To fix this issue run the command 'echo never > /sys/kernel/mm/transparent_hugepage/enabled' as root, and add it to your /etc/rc.local in order to retain the setting after a reboot. Redis must be restarted after THP is disabled.
1:M 10 Oct 14:33:59.197 * The server is now ready to accept connections on port 6379
1:M 10 Oct 15:34:00.043 * 1 changes in 3600 seconds. Saving...
1:M 10 Oct 15:34:00.045 * Background saving started by pid 10
10:C 10 Oct 15:34:00.105 * DB saved on disk
10:C 10 Oct 15:34:00.105 * RDB: 6 MB of memory used by copy-on-write
1:M 10 Oct 15:34:00.145 * Background saving terminated with success
1:M 10 Oct 15:52:07.274 * 100 changes in 300 seconds. Saving...
1:M 10 Oct 15:52:07.275 * Background saving started by pid 11
11:C 10 Oct 15:52:07.432 * DB saved on disk
11:C 10 Oct 15:52:07.432 * RDB: 6 MB of memory used by copy-on-write
1:M 10 Oct 15:52:07.476 * Background saving terminated with success
1:M 10 Oct 16:03:30.839 * 100 changes in 300 seconds. Saving...
1:M 10 Oct 16:03:30.840 * Background saving started by pid 26
26:C 10 Oct 16:03:30.875 * DB saved on disk
26:C 10 Oct 16:03:30.875 * RDB: 4 MB of memory used by copy-on-write
1:M 10 Oct 16:03:30.940 * Background saving terminated with success
1:M 10 Oct 16:08:31.025 * 100 changes in 300 seconds. Saving...
1:M 10 Oct 16:08:31.026 * Background saving started by pid 27
27:C 10 Oct 16:08:31.058 * DB saved on disk
27:C 10 Oct 16:08:31.059 * RDB: 4 MB of memory used by copy-on-write
1:M 10 Oct 16:08:31.127 * Background saving terminated with success
1:M 10 Oct 16:13:32.072 * 100 changes in 300 seconds. Saving...
1:M 10 Oct 16:13:32.073 * Background saving started by pid 28
28:C 10 Oct 16:13:32.175 * DB saved on disk
28:C 10 Oct 16:13:32.176 * RDB: 4 MB of memory used by copy-on-write
1:M 10 Oct 16:13:32.177 * Background saving terminated with success
1:M 10 Oct 16:18:33.022 * 100 changes in 300 seconds. Saving...
1:M 10 Oct 16:18:33.023 * Background saving started by pid 29
29:C 10 Oct 16:18:33.409 * DB saved on disk
29:C 10 Oct 16:18:33.410 * RDB: 6 MB of memory used by copy-on-write
1:M 10 Oct 16:18:33.425 * Background saving terminated with success
1:M 10 Oct 16:23:34.047 * 100 changes in 300 seconds. Saving...
1:M 10 Oct 16:23:34.048 * Background saving started by pid 30
30:C 10 Oct 16:23:34.132 * DB saved on disk
30:C 10 Oct 16:23:34.133 * RDB: 6 MB of memory used by copy-on-write
1:M 10 Oct 16:23:34.148 * Background saving terminated with success
1:M 10 Oct 16:28:35.001 * 100 changes in 300 seconds. Saving...
1:M 10 Oct 16:28:35.004 * Background saving started by pid 31
31:C 10 Oct 16:28:35.090 * DB saved on disk
31:C 10 Oct 16:28:35.091 * RDB: 4 MB of memory used by copy-on-write
1:M 10 Oct 16:28:35.104 * Background saving terminated with success
1:M 10 Oct 16:33:36.050 * 100 changes in 300 seconds. Saving...
1:M 10 Oct 16:33:36.052 * Background saving started by pid 32
32:C 10 Oct 16:33:36.262 * DB saved on disk
32:C 10 Oct 16:33:36.262 * RDB: 4 MB of memory used by copy-on-write
1:M 10 Oct 16:33:36.353 * Background saving terminated with success
1:M 10 Oct 16:38:37.067 * 100 changes in 300 seconds. Saving...
1:M 10 Oct 16:38:37.068 * Background saving started by pid 33
33:C 10 Oct 16:38:37.213 * DB saved on disk
33:C 10 Oct 16:38:37.213 * RDB: 4 MB of memory used by copy-on-write
1:M 10 Oct 16:38:37.269 * Background saving terminated with success
1:M 10 Oct 16:43:38.017 * 100 changes in 300 seconds. Saving...
1:M 10 Oct 16:43:38.018 * Background saving started by pid 34
34:C 10 Oct 16:43:38.093 * DB saved on disk
34:C 10 Oct 16:43:38.093 * RDB: 4 MB of memory used by copy-on-write
1:M 10 Oct 16:43:38.119 * Background saving terminated with success
1:M 10 Oct 16:48:39.053 * 100 changes in 300 seconds. Saving...
1:M 10 Oct 16:48:39.055 * Background saving started by pid 35
35:C 10 Oct 16:48:39.123 * DB saved on disk
35:C 10 Oct 16:48:39.123 * RDB: 4 MB of memory used by copy-on-write
1:M 10 Oct 16:48:39.155 * Background saving terminated with success
1:M 10 Oct 16:53:40.096 * 100 changes in 300 seconds. Saving...
1:M 10 Oct 16:53:40.098 * Background saving started by pid 36
36:C 10 Oct 16:53:40.235 * DB saved on disk
36:C 10 Oct 16:53:40.235 * RDB: 4 MB of memory used by copy-on-write
1:M 10 Oct 16:53:40.299 * Background saving terminated with success
1:M 10 Oct 16:58:41.034 * 100 changes in 300 seconds. Saving...
1:M 10 Oct 16:58:41.037 * Background saving started by pid 37
37:C 10 Oct 16:58:41.114 * DB saved on disk
37:C 10 Oct 16:58:41.115 * RDB: 4 MB of memory used by copy-on-write
1:M 10 Oct 16:58:41.137 * Background saving terminated with success
1:M 10 Oct 17:03:42.068 * 100 changes in 300 seconds. Saving...
1:M 10 Oct 17:03:42.070 * Background saving started by pid 38
38:C 10 Oct 17:03:42.149 * DB saved on disk
38:C 10 Oct 17:03:42.150 * RDB: 4 MB of memory used by copy-on-write
1:M 10 Oct 17:03:42.170 * Background saving terminated with success
1:M 10 Oct 17:08:43.019 * 100 changes in 300 seconds. Saving...
1:M 10 Oct 17:08:43.023 * Background saving started by pid 39
39:C 10 Oct 17:08:43.165 * DB saved on disk
39:C 10 Oct 17:08:43.166 * RDB: 4 MB of memory used by copy-on-write
1:M 10 Oct 17:08:43.223 * Background saving terminated with success
1:M 10 Oct 17:13:44.047 * 100 changes in 300 seconds. Saving...
1:M 10 Oct 17:13:44.052 * Background saving started by pid 40
40:C 10 Oct 17:13:44.174 * DB saved on disk
40:C 10 Oct 17:13:44.174 * RDB: 4 MB of memory used by copy-on-write
1:M 10 Oct 17:13:44.253 * Background saving terminated with success
1:M 10 Oct 17:18:45.033 * 100 changes in 300 seconds. Saving...
1:M 10 Oct 17:18:45.035 * Background saving started by pid 41
41:C 10 Oct 17:18:45.158 * DB saved on disk
41:C 10 Oct 17:18:45.158 * RDB: 4 MB of memory used by copy-on-write
1:M 10 Oct 17:18:45.236 * Background saving terminated with success
1:M 10 Oct 17:23:46.079 * 100 changes in 300 seconds. Saving...
1:M 10 Oct 17:23:46.081 * Background saving started by pid 42
42:C 10 Oct 17:23:46.210 * DB saved on disk
42:C 10 Oct 17:23:46.211 * RDB: 4 MB of memory used by copy-on-write
1:M 10 Oct 17:23:46.282 * Background saving terminated with success
1:M 10 Oct 17:28:47.031 * 100 changes in 300 seconds. Saving...
1:M 10 Oct 17:28:47.033 * Background saving started by pid 43
43:C 10 Oct 17:28:47.119 * DB saved on disk
43:C 10 Oct 17:28:47.119 * RDB: 4 MB of memory used by copy-on-write
1:M 10 Oct 17:28:47.133 * Background saving terminated with success
1:M 10 Oct 17:33:48.068 * 100 changes in 300 seconds. Saving...
1:M 10 Oct 17:33:48.070 * Background saving started by pid 44
44:C 10 Oct 17:33:48.127 * DB saved on disk
44:C 10 Oct 17:33:48.127 * RDB: 4 MB of memory used by copy-on-write
1:M 10 Oct 17:33:48.170 * Background saving terminated with success
1:M 10 Oct 17:38:49.018 * 100 changes in 300 seconds. Saving...
1:M 10 Oct 17:38:49.020 * Background saving started by pid 45
45:C 10 Oct 17:38:49.051 * DB saved on disk
45:C 10 Oct 17:38:49.051 * RDB: 4 MB of memory used by copy-on-write
1:M 10 Oct 17:38:49.120 * Background saving terminated with success
1:M 10 Oct 17:43:50.063 * 100 changes in 300 seconds. Saving...
1:M 10 Oct 17:43:50.064 * Background saving started by pid 46
46:C 10 Oct 17:43:50.155 * DB saved on disk
46:C 10 Oct 17:43:50.156 * RDB: 4 MB of memory used by copy-on-write
1:M 10 Oct 17:43:50.165 * Background saving terminated with success
1:M 10 Oct 17:48:51.028 * 100 changes in 300 seconds. Saving...
1:M 10 Oct 17:48:51.031 * Background saving started by pid 47
47:C 10 Oct 17:48:53.230 * DB saved on disk
47:C 10 Oct 17:48:53.231 * RDB: 5 MB of memory used by copy-on-write
1:M 10 Oct 17:48:53.236 * Background saving terminated with success
1:M 10 Oct 17:53:54.070 * 100 changes in 300 seconds. Saving...
1:M 10 Oct 17:53:54.071 * Background saving started by pid 48
48:C 10 Oct 17:53:54.256 * DB saved on disk
48:C 10 Oct 17:53:54.256 * RDB: 4 MB of memory used by copy-on-write
1:M 10 Oct 17:53:54.272 * Background saving terminated with success
1:M 10 Oct 17:58:55.036 * 100 changes in 300 seconds. Saving...
1:M 10 Oct 17:58:55.039 * Background saving started by pid 49
49:C 10 Oct 17:58:57.879 * DB saved on disk
49:C 10 Oct 17:58:57.880 * RDB: 5 MB of memory used by copy-on-write
1:M 10 Oct 17:58:57.948 * Background saving terminated with success
1:M 10 Oct 18:03:58.093 * 100 changes in 300 seconds. Saving...
1:M 10 Oct 18:03:58.095 * Background saving started by pid 50
50:C 10 Oct 18:04:01.435 * DB saved on disk
50:C 10 Oct 18:04:01.435 * RDB: 5 MB of memory used by copy-on-write
1:M 10 Oct 18:04:01.505 * Background saving terminated with success
1:M 10 Oct 18:09:02.034 * 100 changes in 300 seconds. Saving...
1:M 10 Oct 18:09:02.037 * Background saving started by pid 51
51:C 10 Oct 18:09:02.236 * DB saved on disk
51:C 10 Oct 18:09:02.236 * RDB: 4 MB of memory used by copy-on-write
1:M 10 Oct 18:09:02.238 * Background saving terminated with success
1:M 10 Oct 18:14:03.094 * 100 changes in 300 seconds. Saving...
1:M 10 Oct 18:14:03.096 * Background saving started by pid 52
52:C 10 Oct 18:14:05.351 * DB saved on disk
52:C 10 Oct 18:14:05.352 * RDB: 5 MB of memory used by copy-on-write
1:M 10 Oct 18:14:05.402 * Background saving terminated with success
1:M 10 Oct 18:19:06.045 * 100 changes in 300 seconds. Saving...
1:M 10 Oct 18:19:06.047 * Background saving started by pid 53
53:C 10 Oct 18:19:06.642 * DB saved on disk
53:C 10 Oct 18:19:06.643 * RDB: 5 MB of memory used by copy-on-write
1:M 10 Oct 18:19:06.649 * Background saving terminated with success
1:M 10 Oct 18:24:07.090 * 100 changes in 300 seconds. Saving...
1:M 10 Oct 18:24:07.093 * Background saving started by pid 54
54:C 10 Oct 18:24:07.135 * DB saved on disk
54:C 10 Oct 18:24:07.136 * RDB: 4 MB of memory used by copy-on-write
1:M 10 Oct 18:24:07.193 * Background saving terminated with success
1:M 10 Oct 18:29:08.031 * 100 changes in 300 seconds. Saving...
1:M 10 Oct 18:29:08.033 * Background saving started by pid 55
55:C 10 Oct 18:29:08.156 * DB saved on disk
55:C 10 Oct 18:29:08.156 * RDB: 4 MB of memory used by copy-on-write
1:M 10 Oct 18:29:08.234 * Background saving terminated with success
1:M 10 Oct 18:34:09.057 * 100 changes in 300 seconds. Saving...
1:M 10 Oct 18:34:09.059 * Background saving started by pid 56
56:C 10 Oct 18:34:09.135 * DB saved on disk
56:C 10 Oct 18:34:09.136 * RDB: 4 MB of memory used by copy-on-write
1:M 10 Oct 18:34:09.160 * Background saving terminated with success
1:M 10 Oct 18:39:10.086 * 100 changes in 300 seconds. Saving...
1:M 10 Oct 18:39:10.088 * Background saving started by pid 57
57:C 10 Oct 18:39:10.136 * DB saved on disk
57:C 10 Oct 18:39:10.137 * RDB: 4 MB of memory used by copy-on-write
1:M 10 Oct 18:39:10.189 * Background saving terminated with success
1:M 10 Oct 18:44:11.020 * 100 changes in 300 seconds. Saving...
1:M 10 Oct 18:44:11.022 * Background saving started by pid 58
58:C 10 Oct 18:44:11.136 * DB saved on disk
58:C 10 Oct 18:44:11.136 * RDB: 4 MB of memory used by copy-on-write
1:M 10 Oct 18:44:11.223 * Background saving terminated with success
1:M 10 Oct 18:49:12.074 * 100 changes in 300 seconds. Saving...
1:M 10 Oct 18:49:12.076 * Background saving started by pid 59
59:C 10 Oct 18:49:12.240 * DB saved on disk
59:C 10 Oct 18:49:12.240 * RDB: 4 MB of memory used by copy-on-write
1:M 10 Oct 18:49:12.277 * Background saving terminated with success
1:M 10 Oct 18:54:13.044 * 100 changes in 300 seconds. Saving...
1:M 10 Oct 18:54:13.046 * Background saving started by pid 60
60:C 10 Oct 18:54:13.085 * DB saved on disk
60:C 10 Oct 18:54:13.085 * RDB: 4 MB of memory used by copy-on-write
1:M 10 Oct 18:54:13.146 * Background saving terminated with success
1:M 10 Oct 18:59:14.097 * 100 changes in 300 seconds. Saving...
1:M 10 Oct 18:59:14.098 * Background saving started by pid 61
61:C 10 Oct 18:59:15.052 * DB saved on disk
61:C 10 Oct 18:59:15.052 * RDB: 5 MB of memory used by copy-on-write
1:M 10 Oct 18:59:15.109 * Background saving terminated with success
1:M 10 Oct 19:04:16.056 * 100 changes in 300 seconds. Saving...
1:M 10 Oct 19:04:16.058 * Background saving started by pid 62
62:C 10 Oct 19:04:16.127 * DB saved on disk
62:C 10 Oct 19:04:16.127 * RDB: 4 MB of memory used by copy-on-write
1:M 10 Oct 19:04:16.158 * Background saving terminated with success
1:M 10 Oct 19:09:17.018 * 100 changes in 300 seconds. Saving...
1:M 10 Oct 19:09:17.019 * Background saving started by pid 63
63:C 10 Oct 19:09:17.117 * DB saved on disk
63:C 10 Oct 19:09:17.118 * RDB: 4 MB of memory used by copy-on-write
1:M 10 Oct 19:09:17.119 * Background saving terminated with success
1:M 10 Oct 19:14:18.047 * 100 changes in 300 seconds. Saving...
1:M 10 Oct 19:14:18.048 * Background saving started by pid 64
64:C 10 Oct 19:14:18.126 * DB saved on disk
64:C 10 Oct 19:14:18.128 * RDB: 4 MB of memory used by copy-on-write
1:M 10 Oct 19:14:18.149 * Background saving terminated with success
1:M 10 Oct 19:19:19.087 * 100 changes in 300 seconds. Saving...
1:M 10 Oct 19:19:19.088 * Background saving started by pid 65
65:C 10 Oct 19:19:19.198 * DB saved on disk
65:C 10 Oct 19:19:19.199 * RDB: 4 MB of memory used by copy-on-write
1:M 10 Oct 19:19:19.289 * Background saving terminated with success
1:M 10 Oct 19:24:20.033 * 100 changes in 300 seconds. Saving...
1:M 10 Oct 19:24:20.035 * Background saving started by pid 66
66:C 10 Oct 19:24:20.133 * DB saved on disk
66:C 10 Oct 19:24:20.133 * RDB: 4 MB of memory used by copy-on-write
1:M 10 Oct 19:24:20.136 * Background saving terminated with success
1:M 10 Oct 19:29:21.035 * 100 changes in 300 seconds. Saving...
1:M 10 Oct 19:29:21.037 * Background saving started by pid 67
67:C 10 Oct 19:29:21.113 * DB saved on disk
67:C 10 Oct 19:29:21.113 * RDB: 4 MB of memory used by copy-on-write
1:M 10 Oct 19:29:21.137 * Background saving terminated with success
1:M 10 Oct 19:34:22.034 * 100 changes in 300 seconds. Saving...
1:M 10 Oct 19:34:22.036 * Background saving started by pid 68
68:C 10 Oct 19:34:22.132 * DB saved on disk
68:C 10 Oct 19:34:22.133 * RDB: 4 MB of memory used by copy-on-write
1:M 10 Oct 19:34:22.136 * Background saving terminated with success
1:M 10 Oct 19:39:23.069 * 100 changes in 300 seconds. Saving...
1:M 10 Oct 19:39:23.071 * Background saving started by pid 69
69:C 10 Oct 19:39:23.110 * DB saved on disk
69:C 10 Oct 19:39:23.111 * RDB: 4 MB of memory used by copy-on-write
1:M 10 Oct 19:39:23.171 * Background saving terminated with success
1:M 10 Oct 19:44:24.008 * 100 changes in 300 seconds. Saving...
1:M 10 Oct 19:44:24.010 * Background saving started by pid 70
70:C 10 Oct 19:44:24.248 * DB saved on disk
70:C 10 Oct 19:44:24.249 * RDB: 4 MB of memory used by copy-on-write
1:M 10 Oct 19:44:24.311 * Background saving terminated with success
1:M 10 Oct 19:49:25.080 * 100 changes in 300 seconds. Saving...
1:M 10 Oct 19:49:25.081 * Background saving started by pid 71
71:C 10 Oct 19:49:25.368 * DB saved on disk
71:C 10 Oct 19:49:25.369 * RDB: 4 MB of memory used by copy-on-write
1:M 10 Oct 19:49:25.383 * Background saving terminated with success
1:M 10 Oct 19:54:26.040 * 100 changes in 300 seconds. Saving...
1:M 10 Oct 19:54:26.043 * Background saving started by pid 72
72:C 10 Oct 19:54:26.105 * DB saved on disk
72:C 10 Oct 19:54:26.106 * RDB: 4 MB of memory used by copy-on-write
1:M 10 Oct 19:54:26.143 * Background saving terminated with success
1:M 10 Oct 19:59:27.016 * 100 changes in 300 seconds. Saving...
1:M 10 Oct 19:59:27.017 * Background saving started by pid 73
73:C 10 Oct 19:59:27.118 * DB saved on disk
73:C 10 Oct 19:59:27.119 * RDB: 4 MB of memory used by copy-on-write
1:M 10 Oct 19:59:27.218 * Background saving terminated with success
1:M 10 Oct 20:04:28.074 * 100 changes in 300 seconds. Saving...
1:M 10 Oct 20:04:28.076 * Background saving started by pid 74
74:C 10 Oct 20:04:28.195 * DB saved on disk
74:C 10 Oct 20:04:28.196 * RDB: 4 MB of memory used by copy-on-write
1:M 10 Oct 20:04:28.277 * Background saving terminated with success
1:M 10 Oct 20:09:29.022 * 100 changes in 300 seconds. Saving...
1:M 10 Oct 20:09:29.024 * Background saving started by pid 75
75:C 10 Oct 20:09:29.151 * DB saved on disk
75:C 10 Oct 20:09:29.152 * RDB: 4 MB of memory used by copy-on-write
1:M 10 Oct 20:09:29.224 * Background saving terminated with success
1:M 10 Oct 20:14:30.089 * 100 changes in 300 seconds. Saving...
1:M 10 Oct 20:14:30.092 * Background saving started by pid 76
76:C 10 Oct 20:14:30.171 * DB saved on disk
76:C 10 Oct 20:14:30.171 * RDB: 4 MB of memory used by copy-on-write
1:M 10 Oct 20:14:30.192 * Background saving terminated with success
1:M 10 Oct 20:19:31.057 * 100 changes in 300 seconds. Saving...
1:M 10 Oct 20:19:31.059 * Background saving started by pid 77
77:C 10 Oct 20:19:31.177 * DB saved on disk
77:C 10 Oct 20:19:31.177 * RDB: 4 MB of memory used by copy-on-write
1:M 10 Oct 20:19:31.260 * Background saving terminated with success
1:M 10 Oct 20:24:32.032 * 100 changes in 300 seconds. Saving...
1:M 10 Oct 20:24:32.034 * Background saving started by pid 78
78:C 10 Oct 20:24:32.121 * DB saved on disk
78:C 10 Oct 20:24:32.121 * RDB: 4 MB of memory used by copy-on-write
1:M 10 Oct 20:24:32.134 * Background saving terminated with success
1:M 10 Oct 20:29:33.095 * 100 changes in 300 seconds. Saving...
1:M 10 Oct 20:29:33.106 * Background saving started by pid 79
79:C 10 Oct 20:29:33.203 * DB saved on disk
79:C 10 Oct 20:29:33.204 * RDB: 4 MB of memory used by copy-on-write
1:M 10 Oct 20:29:33.206 * Background saving terminated with success
1:M 10 Oct 20:34:34.059 * 100 changes in 300 seconds. Saving...
1:M 10 Oct 20:34:34.059 * Background saving started by pid 80
80:C 10 Oct 20:34:34.184 * DB saved on disk
80:C 10 Oct 20:34:34.185 * RDB: 2 MB of memory used by copy-on-write
1:M 10 Oct 20:34:34.260 * Background saving terminated with success
1:M 10 Oct 20:39:35.006 * 100 changes in 300 seconds. Saving...
1:M 10 Oct 20:39:35.007 * Background saving started by pid 81
81:C 10 Oct 20:39:35.145 * DB saved on disk
81:C 10 Oct 20:39:35.146 * RDB: 2 MB of memory used by copy-on-write
1:M 10 Oct 20:39:35.207 * Background saving terminated with success
1:M 10 Oct 20:44:36.038 * 100 changes in 300 seconds. Saving...
1:M 10 Oct 20:44:36.038 * Background saving started by pid 82
82:C 10 Oct 20:44:36.134 * DB saved on disk
82:C 10 Oct 20:44:36.135 * RDB: 2 MB of memory used by copy-on-write
1:M 10 Oct 20:44:36.139 * Background saving terminated with success
1:M 10 Oct 20:49:37.082 * 100 changes in 300 seconds. Saving...
1:M 10 Oct 20:49:37.083 * Background saving started by pid 83
83:C 10 Oct 20:49:37.182 * DB saved on disk
83:C 10 Oct 20:49:37.182 * RDB: 2 MB of memory used by copy-on-write
1:M 10 Oct 20:49:37.183 * Background saving terminated with success
1:M 10 Oct 20:54:38.035 * 100 changes in 300 seconds. Saving...
1:M 10 Oct 20:54:38.036 * Background saving started by pid 84
84:C 10 Oct 20:54:38.124 * DB saved on disk
84:C 10 Oct 20:54:38.125 * RDB: 2 MB of memory used by copy-on-write
1:M 10 Oct 20:54:38.136 * Background saving terminated with success
1:M 10 Oct 20:59:39.073 * 100 changes in 300 seconds. Saving...
1:M 10 Oct 20:59:39.073 * Background saving started by pid 85
85:C 10 Oct 20:59:39.166 * DB saved on disk
85:C 10 Oct 20:59:39.167 * RDB: 2 MB of memory used by copy-on-write
1:M 10 Oct 20:59:39.174 * Background saving terminated with success
1:M 10 Oct 21:04:40.028 * 100 changes in 300 seconds. Saving...
1:M 10 Oct 21:04:40.028 * Background saving started by pid 86
86:C 10 Oct 21:04:40.117 * DB saved on disk
86:C 10 Oct 21:04:40.117 * RDB: 2 MB of memory used by copy-on-write
1:M 10 Oct 21:04:40.129 * Background saving terminated with success
1:M 10 Oct 21:09:41.094 * 100 changes in 300 seconds. Saving...
1:M 10 Oct 21:09:41.094 * Background saving started by pid 87
87:C 10 Oct 21:09:41.206 * DB saved on disk
87:C 10 Oct 21:09:41.207 * RDB: 2 MB of memory used by copy-on-write
1:M 10 Oct 21:09:41.295 * Background saving terminated with success
1:M 10 Oct 21:14:42.037 * 100 changes in 300 seconds. Saving...
1:M 10 Oct 21:14:42.037 * Background saving started by pid 88
88:C 10 Oct 21:14:42.268 * DB saved on disk
88:C 10 Oct 21:14:42.269 * RDB: 2 MB of memory used by copy-on-write
1:M 10 Oct 21:14:42.338 * Background saving terminated with success
1:M 10 Oct 21:19:43.068 * 100 changes in 300 seconds. Saving...
1:M 10 Oct 21:19:43.069 * Background saving started by pid 89
89:C 10 Oct 21:19:43.184 * DB saved on disk
89:C 10 Oct 21:19:43.185 * RDB: 2 MB of memory used by copy-on-write
1:M 10 Oct 21:19:43.270 * Background saving terminated with success
1:M 10 Oct 21:24:44.094 * 100 changes in 300 seconds. Saving...
1:M 10 Oct 21:24:44.094 * Background saving started by pid 90
90:C 10 Oct 21:24:45.102 * DB saved on disk
90:C 10 Oct 21:24:45.103 * RDB: 3 MB of memory used by copy-on-write
1:M 10 Oct 21:24:45.198 * Background saving terminated with success
1:M 10 Oct 21:29:46.080 * 100 changes in 300 seconds. Saving...
1:M 10 Oct 21:29:46.080 * Background saving started by pid 91
91:C 10 Oct 21:29:46.242 * DB saved on disk
91:C 10 Oct 21:29:46.242 * RDB: 2 MB of memory used by copy-on-write
1:M 10 Oct 21:29:46.280 * Background saving terminated with success
1:M 10 Oct 21:34:47.098 * 100 changes in 300 seconds. Saving...
1:M 10 Oct 21:34:47.099 * Background saving started by pid 92
92:C 10 Oct 21:34:47.167 * DB saved on disk
92:C 10 Oct 21:34:47.168 * RDB: 2 MB of memory used by copy-on-write
1:M 10 Oct 21:34:47.199 * Background saving terminated with success
1:M 10 Oct 21:39:48.073 * 100 changes in 300 seconds. Saving...
1:M 10 Oct 21:39:48.074 * Background saving started by pid 93
93:C 10 Oct 21:39:48.124 * DB saved on disk
93:C 10 Oct 21:39:48.125 * RDB: 2 MB of memory used by copy-on-write
1:M 10 Oct 21:39:48.174 * Background saving terminated with success
1:M 10 Oct 21:44:49.035 * 100 changes in 300 seconds. Saving...
1:M 10 Oct 21:44:49.036 * Background saving started by pid 94
94:C 10 Oct 21:44:49.087 * DB saved on disk
94:C 10 Oct 21:44:49.088 * RDB: 2 MB of memory used by copy-on-write
1:M 10 Oct 21:44:49.136 * Background saving terminated with success
1:M 10 Oct 21:49:50.080 * 100 changes in 300 seconds. Saving...
1:M 10 Oct 21:49:50.080 * Background saving started by pid 95
95:C 10 Oct 21:50:02.800 * DB saved on disk
95:C 10 Oct 21:50:02.801 * RDB: 3 MB of memory used by copy-on-write
1:M 10 Oct 21:50:02.820 * Background saving terminated with success
1:M 10 Oct 21:55:03.006 * 100 changes in 300 seconds. Saving...
1:M 10 Oct 21:55:03.006 * Background saving started by pid 96
96:C 10 Oct 21:55:03.116 * DB saved on disk
96:C 10 Oct 21:55:03.116 * RDB: 2 MB of memory used by copy-on-write
1:M 10 Oct 21:55:03.207 * Background saving terminated with success
1:M 10 Oct 22:00:04.017 * 100 changes in 300 seconds. Saving...
1:M 10 Oct 22:00:04.018 * Background saving started by pid 97
97:C 10 Oct 22:00:04.100 * DB saved on disk
97:C 10 Oct 22:00:04.101 * RDB: 2 MB of memory used by copy-on-write
1:M 10 Oct 22:00:04.118 * Background saving terminated with success
1:M 10 Oct 22:05:05.089 * 100 changes in 300 seconds. Saving...
1:M 10 Oct 22:05:05.089 * Background saving started by pid 98
98:C 10 Oct 22:05:05.191 * DB saved on disk
98:C 10 Oct 22:05:05.191 * RDB: 2 MB of memory used by copy-on-write
1:M 10 Oct 22:05:05.290 * Background saving terminated with success
1:M 10 Oct 22:10:06.056 * 100 changes in 300 seconds. Saving...
1:M 10 Oct 22:10:06.056 * Background saving started by pid 99
99:C 10 Oct 22:10:06.140 * DB saved on disk
99:C 10 Oct 22:10:06.141 * RDB: 2 MB of memory used by copy-on-write
1:M 10 Oct 22:10:06.156 * Background saving terminated with success
1:M 10 Oct 22:15:07.042 * 100 changes in 300 seconds. Saving...
1:M 10 Oct 22:15:07.042 * Background saving started by pid 100
100:C 10 Oct 22:15:07.190 * DB saved on disk
100:C 10 Oct 22:15:07.191 * RDB: 2 MB of memory used by copy-on-write
1:M 10 Oct 22:15:07.243 * Background saving terminated with success
1:M 10 Oct 22:20:08.018 * 100 changes in 300 seconds. Saving...
1:M 10 Oct 22:20:08.019 * Background saving started by pid 101
101:C 10 Oct 22:20:08.093 * DB saved on disk
101:C 10 Oct 22:20:08.093 * RDB: 2 MB of memory used by copy-on-write
1:M 10 Oct 22:20:08.119 * Background saving terminated with success
1:M 10 Oct 22:25:09.071 * 100 changes in 300 seconds. Saving...
1:M 10 Oct 22:25:09.071 * Background saving started by pid 102
102:C 10 Oct 22:25:09.200 * DB saved on disk
102:C 10 Oct 22:25:09.201 * RDB: 2 MB of memory used by copy-on-write
1:M 10 Oct 22:25:09.272 * Background saving terminated with success
1:M 10 Oct 22:30:10.030 * 100 changes in 300 seconds. Saving...
1:M 10 Oct 22:30:10.031 * Background saving started by pid 103
103:C 10 Oct 22:30:10.150 * DB saved on disk
103:C 10 Oct 22:30:10.151 * RDB: 2 MB of memory used by copy-on-write
1:M 10 Oct 22:30:10.231 * Background saving terminated with success
1:M 10 Oct 22:35:11.089 * 100 changes in 300 seconds. Saving...
1:M 10 Oct 22:35:11.089 * Background saving started by pid 104
104:C 10 Oct 22:35:11.143 * DB saved on disk
104:C 10 Oct 22:35:11.144 * RDB: 2 MB of memory used by copy-on-write
1:M 10 Oct 22:35:11.190 * Background saving terminated with success
1:M 10 Oct 22:40:12.006 * 100 changes in 300 seconds. Saving...
1:M 10 Oct 22:40:12.007 * Background saving started by pid 105
105:C 10 Oct 22:40:12.387 * DB saved on disk
105:C 10 Oct 22:40:12.388 * RDB: 2 MB of memory used by copy-on-write
1:M 10 Oct 22:40:12.408 * Background saving terminated with success
1:M 10 Oct 22:45:13.074 * 100 changes in 300 seconds. Saving...
1:M 10 Oct 22:45:13.074 * Background saving started by pid 106
106:C 10 Oct 22:45:13.150 * DB saved on disk
106:C 10 Oct 22:45:13.151 * RDB: 2 MB of memory used by copy-on-write
1:M 10 Oct 22:45:13.175 * Background saving terminated with success
1:M 10 Oct 22:50:14.033 * 100 changes in 300 seconds. Saving...
1:M 10 Oct 22:50:14.033 * Background saving started by pid 107
107:C 10 Oct 22:50:15.970 * DB saved on disk
107:C 10 Oct 22:50:15.970 * RDB: 3 MB of memory used by copy-on-write
1:M 10 Oct 22:50:16.040 * Background saving terminated with success
1:M 10 Oct 22:55:17.061 * 100 changes in 300 seconds. Saving...
1:M 10 Oct 22:55:17.062 * Background saving started by pid 108
108:C 10 Oct 22:55:17.344 * DB saved on disk
108:C 10 Oct 22:55:17.346 * RDB: 2 MB of memory used by copy-on-write
1:M 10 Oct 22:55:17.369 * Background saving terminated with success
1:M 10 Oct 23:00:18.058 * 100 changes in 300 seconds. Saving...
1:M 10 Oct 23:00:18.058 * Background saving started by pid 109
109:C 10 Oct 23:00:18.205 * DB saved on disk
109:C 10 Oct 23:00:18.205 * RDB: 2 MB of memory used by copy-on-write
1:M 10 Oct 23:00:18.258 * Background saving terminated with success
1:M 10 Oct 23:05:19.023 * 100 changes in 300 seconds. Saving...
1:M 10 Oct 23:05:19.024 * Background saving started by pid 110
110:C 10 Oct 23:05:19.163 * DB saved on disk
110:C 10 Oct 23:05:19.163 * RDB: 2 MB of memory used by copy-on-write
1:M 10 Oct 23:05:19.224 * Background saving terminated with success
1:M 10 Oct 23:10:20.012 * 100 changes in 300 seconds. Saving...
1:M 10 Oct 23:10:20.012 * Background saving started by pid 111
111:C 10 Oct 23:10:21.999 * DB saved on disk
111:C 10 Oct 23:10:22.000 * RDB: 3 MB of memory used by copy-on-write
1:M 10 Oct 23:10:22.018 * Background saving terminated with success
1:M 10 Oct 23:15:23.089 * 100 changes in 300 seconds. Saving...
1:M 10 Oct 23:15:23.089 * Background saving started by pid 112
112:C 10 Oct 23:15:23.238 * DB saved on disk
112:C 10 Oct 23:15:23.239 * RDB: 2 MB of memory used by copy-on-write
1:M 10 Oct 23:15:23.290 * Background saving terminated with success
