Mon Oct 19 13:35:22 UTC 2015: failure injector: disk-unavailable.sh inject
Mon Oct 19 13:40:22 UTC 2015: failure injector: disk-unavailable.sh recover
fallocate: /mnt/mysql/large-file.img: fallocate failed: No space left on device
Mon Oct 19 13:45:22 UTC 2015: failure injector: disk-use-up.sh inject
Mon Oct 19 13:50:22 UTC 2015: failure injector: disk-use-up.sh recover
Mon Oct 19 15:05:22 UTC 2015: failure injector: disk-unavailable.sh inject
fallocate: /mnt/mysql/large-file.img: fallocate failed: No space left on device
Mon Oct 19 15:08:22 UTC 2015: failure injector: disk-use-up.sh inject
Mon Oct 19 15:10:22 UTC 2015: failure injector: disk-unavailable.sh recover
Mon Oct 19 15:13:23 UTC 2015: failure injector: disk-use-up.sh recover
Mon Oct 19 15:35:23 UTC 2015: failure injector: disk-unavailable.sh inject
Mon Oct 19 15:40:23 UTC 2015: failure injector: disk-unavailable.sh recover
fallocate: /mnt/mysql/large-file.img: fallocate failed: No space left on device
Mon Oct 19 15:45:23 UTC 2015: failure injector: disk-use-up.sh inject
Mon Oct 19 15:50:23 UTC 2015: failure injector: disk-use-up.sh recover
Mon Oct 19 17:05:24 UTC 2015: failure injector: disk-unavailable.sh inject
fallocate: /mnt/mysql/large-file.img: fallocate failed: No space left on device
Mon Oct 19 17:08:24 UTC 2015: failure injector: disk-use-up.sh inject
Mon Oct 19 17:10:24 UTC 2015: failure injector: disk-unavailable.sh recover
Mon Oct 19 17:13:24 UTC 2015: failure injector: disk-use-up.sh recover
Mon Oct 19 17:35:24 UTC 2015: failure injector: disk-unavailable.sh inject
Mon Oct 19 17:40:24 UTC 2015: failure injector: disk-unavailable.sh recover
fallocate: /mnt/mysql/large-file.img: fallocate failed: No space left on device
Mon Oct 19 17:45:24 UTC 2015: failure injector: disk-use-up.sh inject
Mon Oct 19 17:50:24 UTC 2015: failure injector: disk-use-up.sh recover
Mon Oct 19 19:05:25 UTC 2015: failure injector: disk-unavailable.sh inject
fallocate: /mnt/mysql/large-file.img: fallocate failed: No space left on device
Mon Oct 19 19:08:25 UTC 2015: failure injector: disk-use-up.sh inject
Mon Oct 19 19:10:25 UTC 2015: failure injector: disk-unavailable.sh recover
Mon Oct 19 19:13:25 UTC 2015: failure injector: disk-use-up.sh recover
Mon Oct 19 19:35:25 UTC 2015: failure injector: disk-unavailable.sh inject
Mon Oct 19 19:40:25 UTC 2015: failure injector: disk-unavailable.sh recover
fallocate: /mnt/mysql/large-file.img: fallocate failed: No space left on device
Mon Oct 19 19:45:25 UTC 2015: failure injector: disk-use-up.sh inject
Mon Oct 19 19:50:25 UTC 2015: failure injector: disk-use-up.sh recover
Mon Oct 19 21:05:26 UTC 2015: failure injector: disk-unavailable.sh inject
fallocate: /mnt/mysql/large-file.img: fallocate failed: No space left on device
Mon Oct 19 21:08:26 UTC 2015: failure injector: disk-use-up.sh inject
Mon Oct 19 21:10:26 UTC 2015: failure injector: disk-unavailable.sh recover
Mon Oct 19 21:13:26 UTC 2015: failure injector: disk-use-up.sh recover
Mon Oct 19 21:35:27 UTC 2015: failure injector: disk-unavailable.sh inject
Mon Oct 19 21:40:27 UTC 2015: failure injector: disk-unavailable.sh recover
fallocate: /mnt/mysql/large-file.img: fallocate failed: No space left on device
Mon Oct 19 21:45:27 UTC 2015: failure injector: disk-use-up.sh inject
Mon Oct 19 21:50:27 UTC 2015: failure injector: disk-use-up.sh recover
Mon Oct 19 23:05:27 UTC 2015: failure injector: disk-unavailable.sh inject
fallocate: /mnt/mysql/large-file.img: fallocate failed: No space left on device
Mon Oct 19 23:08:27 UTC 2015: failure injector: disk-use-up.sh inject
Mon Oct 19 23:10:27 UTC 2015: failure injector: disk-unavailable.sh recover
Mon Oct 19 23:13:27 UTC 2015: failure injector: disk-use-up.sh recover
Mon Oct 19 23:35:28 UTC 2015: failure injector: disk-unavailable.sh inject
Mon Oct 19 23:40:28 UTC 2015: failure injector: disk-unavailable.sh recover
fallocate: /mnt/mysql/large-file.img: fallocate failed: No space left on device
Mon Oct 19 23:45:28 UTC 2015: failure injector: disk-use-up.sh inject
Mon Oct 19 23:50:28 UTC 2015: failure injector: disk-use-up.sh recover
Tue Oct 20 01:05:28 UTC 2015: failure injector: disk-unavailable.sh inject
fallocate: /mnt/mysql/large-file.img: fallocate failed: No space left on device
Tue Oct 20 01:08:28 UTC 2015: failure injector: disk-use-up.sh inject
Tue Oct 20 01:10:28 UTC 2015: failure injector: disk-unavailable.sh recover
Tue Oct 20 01:13:28 UTC 2015: failure injector: disk-use-up.sh recover
Tue Oct 20 01:35:29 UTC 2015: failure injector: disk-unavailable.sh inject
Tue Oct 20 01:40:29 UTC 2015: failure injector: disk-unavailable.sh recover
fallocate: /mnt/mysql/large-file.img: fallocate failed: No space left on device
Tue Oct 20 01:45:29 UTC 2015: failure injector: disk-use-up.sh inject
Tue Oct 20 01:50:29 UTC 2015: failure injector: disk-use-up.sh recover
Tue Oct 20 03:05:29 UTC 2015: failure injector: disk-unavailable.sh inject
fallocate: /mnt/mysql/large-file.img: fallocate failed: No space left on device
Tue Oct 20 03:08:29 UTC 2015: failure injector: disk-use-up.sh inject
Tue Oct 20 03:10:29 UTC 2015: failure injector: disk-unavailable.sh recover
Tue Oct 20 03:13:29 UTC 2015: failure injector: disk-use-up.sh recover
Tue Oct 20 03:35:30 UTC 2015: failure injector: disk-unavailable.sh inject
Tue Oct 20 03:40:30 UTC 2015: failure injector: disk-unavailable.sh recover
fallocate: /mnt/mysql/large-file.img: fallocate failed: No space left on device
Tue Oct 20 03:45:30 UTC 2015: failure injector: disk-use-up.sh inject
Tue Oct 20 03:50:30 UTC 2015: failure injector: disk-use-up.sh recover
