Sun Oct 11 15:05:20 UTC 2015: failure injector: disk-unavailable.sh inject
fallocate: /mnt/mysql/large-file.img: fallocate failed: No space left on device
Sun Oct 11 15:08:21 UTC 2015: failure injector: disk-use-up.sh inject
Sun Oct 11 15:10:21 UTC 2015: failure injector: disk-unavailable.sh recover
Sun Oct 11 15:13:21 UTC 2015: failure injector: disk-use-up.sh recover
Sun Oct 11 15:35:21 UTC 2015: failure injector: disk-unavailable.sh inject
Sun Oct 11 15:40:21 UTC 2015: failure injector: disk-unavailable.sh recover
fallocate: /mnt/mysql/large-file.img: fallocate failed: No space left on device
Sun Oct 11 15:45:21 UTC 2015: failure injector: disk-use-up.sh inject
Sun Oct 11 15:50:21 UTC 2015: failure injector: disk-use-up.sh recover
Sun Oct 11 17:05:22 UTC 2015: failure injector: disk-unavailable.sh inject
fallocate: /mnt/mysql/large-file.img: fallocate failed: No space left on device
Sun Oct 11 17:08:22 UTC 2015: failure injector: disk-use-up.sh inject
Sun Oct 11 17:10:22 UTC 2015: failure injector: disk-unavailable.sh recover
Sun Oct 11 17:13:22 UTC 2015: failure injector: disk-use-up.sh recover
Sun Oct 11 17:35:22 UTC 2015: failure injector: disk-unavailable.sh inject
Sun Oct 11 17:40:22 UTC 2015: failure injector: disk-unavailable.sh recover
fallocate: /mnt/mysql/large-file.img: fallocate failed: No space left on device
Sun Oct 11 17:45:22 UTC 2015: failure injector: disk-use-up.sh inject
Sun Oct 11 17:50:22 UTC 2015: failure injector: disk-use-up.sh recover
Sun Oct 11 19:05:22 UTC 2015: failure injector: disk-unavailable.sh inject
fallocate: /mnt/mysql/large-file.img: fallocate failed: No space left on device
Sun Oct 11 19:08:22 UTC 2015: failure injector: disk-use-up.sh inject
Sun Oct 11 19:10:23 UTC 2015: failure injector: disk-unavailable.sh recover
Sun Oct 11 19:13:23 UTC 2015: failure injector: disk-use-up.sh recover
Sun Oct 11 19:35:23 UTC 2015: failure injector: disk-unavailable.sh inject
Sun Oct 11 19:40:23 UTC 2015: failure injector: disk-unavailable.sh recover
fallocate: /mnt/mysql/large-file.img: fallocate failed: No space left on device
Sun Oct 11 19:45:23 UTC 2015: failure injector: disk-use-up.sh inject
Sun Oct 11 19:50:23 UTC 2015: failure injector: disk-use-up.sh recover
Sun Oct 11 21:05:23 UTC 2015: failure injector: disk-unavailable.sh inject
fallocate: /mnt/mysql/large-file.img: fallocate failed: No space left on device
Sun Oct 11 21:08:24 UTC 2015: failure injector: disk-use-up.sh inject
Sun Oct 11 21:10:24 UTC 2015: failure injector: disk-unavailable.sh recover
Sun Oct 11 21:13:24 UTC 2015: failure injector: disk-use-up.sh recover
Sun Oct 11 21:35:24 UTC 2015: failure injector: disk-unavailable.sh inject
Sun Oct 11 21:40:24 UTC 2015: failure injector: disk-unavailable.sh recover
fallocate: /mnt/mysql/large-file.img: fallocate failed: No space left on device
Sun Oct 11 21:45:24 UTC 2015: failure injector: disk-use-up.sh inject
Sun Oct 11 21:50:24 UTC 2015: failure injector: disk-use-up.sh recover
Sun Oct 11 23:05:24 UTC 2015: failure injector: disk-unavailable.sh inject
fallocate: /mnt/mysql/large-file.img: fallocate failed: No space left on device
Sun Oct 11 23:08:24 UTC 2015: failure injector: disk-use-up.sh inject
Sun Oct 11 23:10:25 UTC 2015: failure injector: disk-unavailable.sh recover
Sun Oct 11 23:13:25 UTC 2015: failure injector: disk-use-up.sh recover
Sun Oct 11 23:35:25 UTC 2015: failure injector: disk-unavailable.sh inject
Sun Oct 11 23:40:25 UTC 2015: failure injector: disk-unavailable.sh recover
fallocate: /mnt/mysql/large-file.img: fallocate failed: No space left on device
Sun Oct 11 23:45:25 UTC 2015: failure injector: disk-use-up.sh inject
Sun Oct 11 23:50:25 UTC 2015: failure injector: disk-use-up.sh recover
Mon Oct 12 01:05:25 UTC 2015: failure injector: disk-unavailable.sh inject
fallocate: /mnt/mysql/large-file.img: fallocate failed: No space left on device
Mon Oct 12 01:08:25 UTC 2015: failure injector: disk-use-up.sh inject
Mon Oct 12 01:10:25 UTC 2015: failure injector: disk-unavailable.sh recover
Mon Oct 12 01:13:26 UTC 2015: failure injector: disk-use-up.sh recover
Mon Oct 12 01:35:26 UTC 2015: failure injector: disk-unavailable.sh inject
Mon Oct 12 01:40:26 UTC 2015: failure injector: disk-unavailable.sh recover
fallocate: /mnt/mysql/large-file.img: fallocate failed: No space left on device
Mon Oct 12 01:45:26 UTC 2015: failure injector: disk-use-up.sh inject
Mon Oct 12 01:50:26 UTC 2015: failure injector: disk-use-up.sh recover
Mon Oct 12 03:05:26 UTC 2015: failure injector: disk-unavailable.sh inject
fallocate: /mnt/mysql/large-file.img: fallocate failed: No space left on device
Mon Oct 12 03:08:26 UTC 2015: failure injector: disk-use-up.sh inject
Mon Oct 12 03:10:26 UTC 2015: failure injector: disk-unavailable.sh recover
Mon Oct 12 03:13:27 UTC 2015: failure injector: disk-use-up.sh recover
Mon Oct 12 03:35:27 UTC 2015: failure injector: disk-unavailable.sh inject
Mon Oct 12 03:40:27 UTC 2015: failure injector: disk-unavailable.sh recover
fallocate: /mnt/mysql/large-file.img: fallocate failed: No space left on device
Mon Oct 12 03:45:27 UTC 2015: failure injector: disk-use-up.sh inject
Mon Oct 12 03:50:27 UTC 2015: failure injector: disk-use-up.sh recover
Mon Oct 12 05:05:27 UTC 2015: failure injector: disk-unavailable.sh inject
fallocate: /mnt/mysql/large-file.img: fallocate failed: No space left on device
Mon Oct 12 05:08:27 UTC 2015: failure injector: disk-use-up.sh inject
Mon Oct 12 05:10:27 UTC 2015: failure injector: disk-unavailable.sh recover
Mon Oct 12 05:13:27 UTC 2015: failure injector: disk-use-up.sh recover
Mon Oct 12 05:35:28 UTC 2015: failure injector: disk-unavailable.sh inject
Mon Oct 12 05:40:28 UTC 2015: failure injector: disk-unavailable.sh recover
fallocate: /mnt/mysql/large-file.img: fallocate failed: No space left on device
Mon Oct 12 05:45:28 UTC 2015: failure injector: disk-use-up.sh inject
Mon Oct 12 05:50:28 UTC 2015: failure injector: disk-use-up.sh recover
